Next Entry: .
Next Entry: ..
Next Entry: scripts
Curr Src: /cad2/ece344f/tester/scripts
Curr Dst: ./tester/scripts
Next Entry: .
Next Entry: ..
Next Entry: lab3-01-preemptive.py
Curr Src: /cad2/ece344f/tester/scripts/lab3-01-preemptive.py
Curr Dst: ./tester/scripts/lab3-01-preemptive.py
Next Entry: lab2-01-ucontext.py
Curr Src: /cad2/ece344f/tester/scripts/lab2-01-ucontext.py
Curr Dst: ./tester/scripts/lab2-01-ucontext.py
Next Entry: lab3-06-cv-signal.py
Curr Src: /cad2/ece344f/tester/scripts/lab3-06-cv-signal.py
Curr Dst: ./tester/scripts/lab3-06-cv-signal.py
Next Entry: lab3-05-lock.py
Curr Src: /cad2/ece344f/tester/scripts/lab3-05-lock.py
Curr Dst: ./tester/scripts/lab3-05-lock.py
Next Entry: lab5-01-webserver.py
Curr Src: /cad2/ece344f/tester/scripts/lab5-01-webserver.py
Curr Dst: ./tester/scripts/lab5-01-webserver.py
Next Entry: tester.py
Curr Src: /cad2/ece344f/tester/scripts/tester.py
Curr Dst: ./tester/scripts/tester.py
Next Entry: lab3-02-wakeup.py
Curr Src: /cad2/ece344f/tester/scripts/lab3-02-wakeup.py
Curr Dst: ./tester/scripts/lab3-02-wakeup.py
Next Entry: lab3-07-cv-broadcast.py
Curr Src: /cad2/ece344f/tester/scripts/lab3-07-cv-broadcast.py
Curr Dst: ./tester/scripts/lab3-07-cv-broadcast.py
Next Entry: lab1-01-warmup.py
Curr Src: /cad2/ece344f/tester/scripts/lab1-01-warmup.py
Curr Dst: ./tester/scripts/lab1-01-warmup.py
Next Entry: lab4-01-webserver.py
Curr Src: /cad2/ece344f/tester/scripts/lab4-01-webserver.py
Curr Dst: ./tester/scripts/lab4-01-webserver.py
Next Entry: .gitignore
Curr Src: /cad2/ece344f/tester/scripts/.gitignore
Curr Dst: ./tester/scripts/.gitignore
Next Entry: tester.pyc
Curr Src: /cad2/ece344f/tester/scripts/tester.pyc
Curr Dst: ./tester/scripts/tester.pyc
Next Entry: readonlydir
Curr Src: /cad2/ece344f/tester/scripts/readonlydir
Curr Dst: ./tester/scripts/readonlydir
Next Entry: .
Next Entry: ..
Next Entry: testfile
Curr Src: /cad2/ece344f/tester/scripts/readonlydir/testfile
Curr Dst: ./tester/scripts/readonlydir/testfile
Next Entry: lab3-04-wait.py
Curr Src: /cad2/ece344f/tester/scripts/lab3-04-wait.py
Curr Dst: ./tester/scripts/lab3-04-wait.py
Next Entry: lab3-03-wakeupall.py
Curr Src: /cad2/ece344f/tester/scripts/lab3-03-wakeupall.py
Curr Dst: ./tester/scripts/lab3-03-wakeupall.py
Next Entry: lab2-02-basic.py
Curr Src: /cad2/ece344f/tester/scripts/lab2-02-basic.py
Curr Dst: ./tester/scripts/lab2-02-basic.py
Next Entry: lab6-01-testfs.py
Curr Src: /cad2/ece344f/tester/scripts/lab6-01-testfs.py
Curr Dst: ./tester/scripts/lab6-01-testfs.py
Next Entry: bin
Curr Src: /cad2/ece344f/tester/bin
Curr Dst: ./tester/bin
Next Entry: .
Next Entry: ..
Next Entry: para-marker.py
Curr Src: /cad2/ece344f/tester/bin/para-marker.py
Curr Dst: ./tester/bin/para-marker.py
Next Entry: generate-one-mail
Curr Src: /cad2/ece344f/tester/bin/generate-one-mail
Curr Dst: ./tester/bin/generate-one-mail
Next Entry: ugproc
Curr Src: /cad2/ece344f/tester/bin/ugproc
Curr Dst: ./tester/bin/ugproc
Next Entry: generate-marks
Curr Src: /cad2/ece344f/tester/bin/generate-marks
Curr Dst: ./tester/bin/generate-marks
Next Entry: setup
Curr Src: /cad2/ece344f/tester/bin/setup
Curr Dst: ./tester/bin/setup
Next Entry: cktestfs
Curr Src: /cad2/ece344f/tester/bin/cktestfs
Curr Dst: ./tester/bin/cktestfs
Next Entry: generate-mail
Curr Src: /cad2/ece344f/tester/bin/generate-mail
Curr Dst: ./tester/bin/generate-mail
Next Entry: ece344-tester
Curr Src: /cad2/ece344f/tester/bin/ece344-tester
Curr Dst: ./tester/bin/ece344-tester
Next Entry: send-mail
Curr Src: /cad2/ece344f/tester/bin/send-mail
Curr Dst: ./tester/bin/send-mail
Next Entry: update-marks
Curr Src: /cad2/ece344f/tester/bin/update-marks
Curr Dst: ./tester/bin/update-marks
Next Entry: ece344-vnc
Curr Src: /cad2/ece344f/tester/bin/ece344-vnc
Curr Dst: ./tester/bin/ece344-vnc
Next Entry: ugload
Curr Src: /cad2/ece344f/tester/bin/ugload
Curr Dst: ./tester/bin/ugload
