./bin/cktestfs -rwxr-xr-x 72240
./bin drwxr-xr-x 14
./bin/ece344-tester -rwxr-xr-x 5527
./bin/ece344-vnc -rwxr-xr-x 53
./bin/generate-mail -rwxr-xr-x 2277
./bin/generate-marks -rwxr-xr-x 1940
./bin/generate-one-mail -rwxr-xr-x 2497
./bin/para-marker.py -rwxr-xr-x 3089
./bin/send-mail -rwxr-xr-x 1049
./bin/setup -rw-r--r-- 2194
./bin/ugload -rwxr-xr-x 2717
./bin/ugproc -rwxr-xr-x 1657
./bin/update-marks -rwxr-xr-x 2508
. drwxr-xr-x 4
./scripts drwxr-xr-x 19
./scripts/.gitignore -rw-r--r-- 11
./scripts/lab1-01-warmup.py -rwxr-xr-x 1662
./scripts/lab2-01-ucontext.py -rwxr-xr-x 4190
./scripts/lab2-02-basic.py -rwxr-xr-x 2109
./scripts/lab3-01-preemptive.py -rwxr-xr-x 3782
./scripts/lab3-02-wakeup.py -rwxr-xr-x 1047
./scripts/lab3-03-wakeupall.py -rwxr-xr-x 730
./scripts/lab3-04-wait.py -rwxr-xr-x 2440
./scripts/lab3-05-lock.py -rwxr-xr-x 2225
./scripts/lab3-06-cv-signal.py -rwxr-xr-x 2770
./scripts/lab3-07-cv-broadcast.py -rwxr-xr-x 2782
./scripts/lab4-01-webserver.py -rwxr-xr-x 6010
./scripts/lab5-01-webserver.py -rwxr-xr-x 5558
./scripts/lab6-01-testfs.py -rwxr-xr-x 668
./scripts/readonlydir dr-xr-xr-x 3
./scripts/readonlydir/testfile -rw-r--r-- 32
./scripts/tester.pyc -rw-r--r-- 7452
./scripts/tester.py -rw-r--r-- 7831
